2021-5-25 14-17-debug: "Start build task, options:"{"name":"Desktop-Craft-Monsters 合成大怪物","platform":"web-desktop","buildPath":"./build","debug":false,"md5Cache":false,"sourceMaps":false,"replaceSplashScreen":false,"mainBundleCompressionType":"merge_dep","mainBundleIsRemote":false,"mergeStartScene":false,"experimentalEraseModules":false,"compressTexture":true,"packAutoAtlas":true,"startScene":"a69e6096-da66-48cb-bdc4-9b9fed65f064","scenes":[{"url":"db://assets/Scenes/Main.scene","uuid":"a69e6096-da66-48cb-bdc4-9b9fed65f064"}],"outputName":"desktop-craft-monster","packages":{"cocos-service":{"configID":"6d9d36","services":[]},"web-desktop":{"resolution":{"designWidth":720,"designHeight":1280},"polyfills":{"asyncFunctions":true}}}}
2021-5-25 14-17-debug: "cocos-service:(onBeforeBuild) start...""0%"
2021-5-25 14-17-debug: "// ---- cocos-service:(onBeforeBuild) ----"
2021-5-25 14-17-debug: "Process: heapTotal 171.10MB heapUsed 163.73MB rss 268.87MB"
2021-5-25 14-17-debug: "// ---- cocos-service:(onBeforeBuild) success ----"
2021-5-25 14-17-debug: "cocos-service:(onBeforeBuild) √""4%"
2021-5-25 14-17-debug: "Query all assets info in project"
2021-5-25 14-17-debug: "BuildAssetLibrary initialized with asset 290!"
2021-5-25 14-17-debug: "  Number of all scenes: 1"
2021-5-25 14-17-debug: "  Number of all scripts: 7"
2021-5-25 14-17-debug: "  Number of other assets: 325"
2021-5-25 14-17-debug: "web-desktop:(onAfterInit) start...""4%"
2021-5-25 14-17-debug: "// ---- web-desktop:(onAfterInit) ----"
2021-5-25 14-17-debug: "Process: heapTotal 171.48MB heapUsed 164.91MB rss 270.11MB"
2021-5-25 14-17-debug: "// ---- web-desktop:(onAfterInit) success ----"
2021-5-25 14-17-debug: "web-desktop:(onAfterInit) √""8%"
2021-5-25 14-17-debug: "加载刷新项目脚本 start""8%"
2021-5-25 14-17-log: "// ---- 加载刷新项目脚本 ----"
2021-5-25 14-17-debug: "Process: heapTotal 171.48MB heapUsed 164.94MB rss 270.13MB"
2021-5-25 14-17-debug: "reload all scripts."
2021-5-25 14-17-debug: "Unregister MapManager"
2021-5-25 14-17-debug: "Unregister MonsterManager"
2021-5-25 14-17-debug: "Unregister UIManager"
2021-5-25 14-17-debug: "Unregister GameManager"
2021-5-25 14-17-debug: "Unregister Monsters"
2021-5-25 14-17-debug: "Unregister Score"
2021-5-25 14-17-debug: "Unregister TiledMap"
2021-5-25 14-17-debug: "Invalidating 'pack:///mods/cce/internal/x/prerequisite-imports.js'"
2021-5-25 14-17-debug: "Invalidating 'pack:///mods/file/D:/Craft-Monsters/Craft-Monsters/assets/Scripts/GameManager.js'"
2021-5-25 14-17-debug: "Invalidating 'pack:///mods/cce/internal/x/cc.js'"
2021-5-25 14-17-debug: "Invalidating 'pack:///mods/cce/internal/code-quality/cr.js'"
2021-5-25 14-17-debug: "Invalidating 'pack:///mods/file/D:/Craft-Monsters/Craft-Monsters/assets/Scripts/MapManager.js'"
2021-5-25 14-17-debug: "Invalidating 'pack:///mods/file/D:/Craft-Monsters/Craft-Monsters/assets/Scripts/MonsterManager.js'"
2021-5-25 14-17-debug: "Invalidating 'pack:///mods/file/D:/Craft-Monsters/Craft-Monsters/assets/Scripts/UIManager.js'"
2021-5-25 14-17-debug: "Invalidating 'pack:///mods/file/D:/Craft-Monsters/Craft-Monsters/assets/Scripts/Monsters.js'"
2021-5-25 14-17-debug: "Invalidating 'pack:///mods/file/D:/Craft-Monsters/Craft-Monsters/assets/Scripts/Score.js'"
2021-5-25 14-17-debug: "[[Executor]] Module \"pack:///mods/cce/internal/x/prerequisite-imports.js\" loaded."
2021-5-25 14-17-debug: "Invalidating 'pack:///mods/file/D:/Craft-Monsters/Craft-Monsters/assets/Scripts/TiledMap.js'"
2021-5-25 14-17-debug: "[[Executor]] Module \"pack:///mods/cce/internal/code-quality/cr.js\" loaded."
2021-5-25 14-17-debug: "[[Executor]] Module \"pack:///mods/cce/internal/x/cc.js\" loaded."
2021-5-25 14-17-debug: "[[Executor]] Register MapManager"
2021-5-25 14-17-debug: "[[Executor]] Register MonsterManager"
2021-5-25 14-17-debug: "[[Executor]] Module \"pack:///mods/file/D:/Craft-Monsters/Craft-Monsters/assets/Scripts/MapManager.js\" loaded."
2021-5-25 14-17-debug: "[[Executor]] Module \"pack:///mods/file/D:/Craft-Monsters/Craft-Monsters/assets/Scripts/MonsterManager.js\" loaded."
2021-5-25 14-17-debug: "[[Executor]] Register UIManager"
2021-5-25 14-17-debug: "[[Executor]] Module \"pack:///mods/file/D:/Craft-Monsters/Craft-Monsters/assets/Scripts/UIManager.js\" loaded."
2021-5-25 14-17-debug: "[[Executor]] Register GameManager"
2021-5-25 14-17-debug: "[[Executor]] Module \"pack:///mods/file/D:/Craft-Monsters/Craft-Monsters/assets/Scripts/GameManager.js\" loaded."
2021-5-25 14-17-debug: "[[Executor]] Register Monsters"
2021-5-25 14-17-debug: "[[Executor]] Module \"pack:///mods/file/D:/Craft-Monsters/Craft-Monsters/assets/Scripts/Score.js\" loaded."
2021-5-25 14-17-debug: "[[Executor]] Register Score"
2021-5-25 14-17-debug: "[[Executor]] Module \"pack:///mods/file/D:/Craft-Monsters/Craft-Monsters/assets/Scripts/Monsters.js\" loaded."
2021-5-25 14-17-debug: "[[Executor]] Register TiledMap"
2021-5-25 14-17-debug: "[[Executor]] Module \"pack:///mods/file/D:/Craft-Monsters/Craft-Monsters/assets/Scripts/TiledMap.js\" loaded."
2021-5-25 14-17-debug: "[[Executor]] Module \"pack:///mods/cce/internal/x/prerequisite-imports.js\" loaded."
2021-5-25 14-17-debug: "加载刷新项目脚本 √""10%"
2021-5-25 14-17-debug: "查询 asset bundle start""10%"
2021-5-25 14-17-log: "// ---- 查询 asset bundle ----"
2021-5-25 14-17-debug: "Process: heapTotal 171.73MB heapUsed 164.81MB rss 269.85MB"
2021-5-25 14-17-debug: "查询 asset bundle √""13%"
2021-5-25 14-17-debug: "查询使用的资源以及资源包配置 start""13%"
2021-5-25 14-17-debug: "Process: heapTotal 171.73MB heapUsed 164.89MB rss 270.02MB"
2021-5-25 14-17-log: "// ---- 查询使用的资源以及资源包配置 ----"
2021-5-25 14-17-debug: "Number of scenes: 1"
2021-5-25 14-17-debug: "Number of assets: 53"
2021-5-25 14-17-debug: "Number of asset bundle: 2"
2021-5-25 14-17-debug: "查询使用的资源以及资源包配置 √""16%"
2021-5-25 14-17-debug: "整理脚本分组与脚本数据 start""16%"
2021-5-25 14-17-log: "// ---- 整理脚本分组与脚本数据 ----"
2021-5-25 14-17-debug: "Process: heapTotal 171.73MB heapUsed 165.34MB rss 270.62MB"
2021-5-25 14-17-debug: "sort script group..."
2021-5-25 14-17-debug: "整理脚本分组与脚本数据 √""19%"
2021-5-25 14-17-debug: "整理纹理压缩任务 start""19%"
2021-5-25 14-17-log: "// ---- 整理纹理压缩任务 ----"
2021-5-25 14-17-debug: "Process: heapTotal 171.73MB heapUsed 165.39MB rss 270.68MB"
2021-5-25 14-17-debug: "整理纹理压缩任务 √""22%"
2021-5-25 14-17-debug: "初步划分 json 合并分组 start""22%"
2021-5-25 14-17-debug: "Number of image-compress task: 0"
2021-5-25 14-17-log: "// ---- 初步划分 json 合并分组 ----"
2021-5-25 14-17-debug: "Process: heapTotal 171.73MB heapUsed 165.51MB rss 270.79MB"
2021-5-25 14-17-debug: "Number of json group: 8"
2021-5-25 14-17-debug: "初步划分 json 合并分组 √""25%"
2021-5-25 14-17-debug: "整理合并压缩 Texture2D 的 json 数据 start""25%"
2021-5-25 14-17-log: "// ---- 整理合并压缩 Texture2D 的 json 数据 ----"
2021-5-25 14-17-debug: "Process: heapTotal 171.73MB heapUsed 165.58MB rss 270.86MB"
2021-5-25 14-17-debug: "整理合并压缩 Texture2D 的 json 数据 √""28%"
2021-5-25 14-17-debug: " start""28%"
2021-5-25 14-17-log: "// ----  ----"
2021-5-25 14-17-debug: "Process: heapTotal 171.73MB heapUsed 165.60MB rss 270.91MB"
2021-5-25 14-17-debug: "打包脚本""28%"
2021-5-25 14-17-debug: "Process: heapTotal 182.05MB heapUsed 169.92MB rss 283.96MB"
2021-5-25 14-17-warn: "[[Build.Script.Rollup]] Circular dependency: file:///D:/Craft-Monsters/Craft-Monsters/assets/Scripts/GameManager.ts -> file:///D:/Craft-Monsters/Craft-Monsters/assets/Scripts/MapManager.ts -> file:///D:/Craft-Monsters/Craft-Monsters/assets/Scripts/GameManager.ts"
2021-5-25 14-17-warn: "[[Build.Script.Rollup]] Circular dependency: file:///D:/Craft-Monsters/Craft-Monsters/assets/Scripts/GameManager.ts -> file:///D:/Craft-Monsters/Craft-Monsters/assets/Scripts/MonsterManager.ts -> file:///D:/Craft-Monsters/Craft-Monsters/assets/Scripts/GameManager.ts"
2021-5-25 14-17-warn: "[[Build.Script.Rollup]] Circular dependency: file:///D:/Craft-Monsters/Craft-Monsters/assets/Scripts/GameManager.ts -> file:///D:/Craft-Monsters/Craft-Monsters/assets/Scripts/UIManager.ts -> file:///D:/Craft-Monsters/Craft-Monsters/assets/Scripts/GameManager.ts"
2021-5-25 14-17-debug: "Copy externalScripts success!"
2021-5-25 14-17-debug: "打包脚本√""28%"
2021-5-25 14-17-debug: "构建引擎""28%"
2021-5-25 14-17-debug: "Process: heapTotal 202.30MB heapUsed 183.01MB rss 303.24MB"
2021-5-25 14-17-debug: "Use cache engine: {link(C:\\Users\\RXCHEN~1\\AppData\\Local\\Temp\\CocosCreator\\3.0.0\\builder\\engine\\53aa1ce83f309d460000fca7ed63f00d)}"
2021-5-25 14-17-debug: {"debug":false,"sourceMaps":false,"includeModules":["base","gfx-webgl","3d","2d","ui","particle","physics-cannon","physics-2d-box2d","intersection-2d","primitive","profiler","particle-2d","audio","video","webview","tween","terrain","tiled-map","spine","dragon-bones"],"engineVersion":"3.0.0","platform":"HTML5","md5Map":[],"engineName":"cocos-js","useCache":true,"ammoJsWasm":"fallback","assetURLFormat":"runtime-resolved","entry":"D:\\CocosDashboard\\resources\\.editors\\Creator\\3.0.0\\resources\\resources\\3d\\engine"}
2021-5-25 14-17-debug: "构建引擎√""28%"
2021-5-25 14-17-debug: " √""33%"
2021-5-25 14-17-debug: "构建自动图集 start""33%"
2021-5-25 14-17-log: "// ---- 构建自动图集 ----"
2021-5-25 14-17-debug: "Process: heapTotal 202.30MB heapUsed 185.79MB rss 303.53MB"
2021-5-25 14-17-debug: "构建自动图集 √""39%"
2021-5-25 14-17-debug: "图片拷贝压缩任务 start""39%"
2021-5-25 14-17-log: "// ---- 图片拷贝压缩任务 ----"
2021-5-25 14-17-debug: "Process: heapTotal 202.30MB heapUsed 185.82MB rss 303.53MB"
2021-5-25 14-17-debug: "图片拷贝压缩任务 √""45%"
2021-5-25 14-17-debug: "将资源拷贝到指定位置 start""45%"
2021-5-25 14-17-log: "// ---- 将资源拷贝到指定位置 ----"
2021-5-25 14-17-debug: "Process: heapTotal 202.30MB heapUsed 185.84MB rss 303.53MB"
2021-5-25 14-17-debug: "Asset Bundle(resources) handle assets: 30"
2021-5-25 14-17-debug: "Asset Bundle(main) handle assets: 27"
2021-5-25 14-17-debug: "将资源拷贝到指定位置 √""50%"
2021-5-25 14-17-debug: "将分组后的 json 与散文件构建到指定位置 start""50%"
2021-5-25 14-17-log: "// ---- 将分组后的 json 与散文件构建到指定位置 ----"
2021-5-25 14-17-debug: "Process: heapTotal 187.05MB heapUsed 159.69MB rss 272.45MB"
2021-5-25 14-17-debug: "getSerializedJSON: Use cache serialized JSON of asset ({asset(db://assets/Sources/monsters/monster_1.png/spriteFrame)})"
2021-5-25 14-17-debug: "getSerializedJSON: Use cache serialized JSON of asset ({asset(db://assets/resources/monsters/monster_1.prefab)})"
2021-5-25 14-17-debug: "Json group(build-task/json) compile success，json number: 6"
2021-5-25 14-17-debug: "getSerializedJSON: Use cache serialized JSON of asset ({asset(db://assets/Sources/monsters/monster_2.png/spriteFrame)})"
2021-5-25 14-17-debug: "getSerializedJSON: Use cache serialized JSON of asset ({asset(db://assets/resources/monsters/monster_2.prefab)})"
2021-5-25 14-17-debug: "Json group(build-task/json) compile success，json number: 6"
2021-5-25 14-17-debug: "getSerializedJSON: Use cache serialized JSON of asset ({asset(db://assets/resources/monsters/monster_3.prefab)})"
2021-5-25 14-17-debug: "getSerializedJSON: Use cache serialized JSON of asset ({asset(db://assets/Sources/monsters/monster_3.png/spriteFrame)})"
2021-5-25 14-17-debug: "Json group(build-task/json) compile success，json number: 6"
2021-5-25 14-17-debug: "getSerializedJSON: Use cache serialized JSON of asset ({asset(db://assets/Sources/monsters/monster_4.png/spriteFrame)})"
2021-5-25 14-17-debug: "getSerializedJSON: Use cache serialized JSON of asset ({asset(db://assets/resources/monsters/monster_4.prefab)})"
2021-5-25 14-17-debug: "Json group(build-task/json) compile success，json number: 6"
2021-5-25 14-17-debug: "getSerializedJSON: Use cache serialized JSON of asset ({asset(db://assets/Sources/monsters/monster_4_half.png/spriteFrame)})"
2021-5-25 14-17-debug: "getSerializedJSON: Use cache serialized JSON of asset ({asset(db://assets/resources/monsters/monster_4_half.prefab)})"
2021-5-25 14-17-debug: "Json group(build-task/json) compile success，json number: 6"
2021-5-25 14-17-debug: "getSerializedJSON: Use cache serialized JSON of asset ({asset(db://assets/Sources/map/Nature_environment_tiles.png/spriteFrame)})"
2021-5-25 14-17-debug: "getSerializedJSON: Use cache serialized JSON of asset ({asset(db://assets/Sources/map/Nature_environment_tiles.tsx)})"
2021-5-25 14-17-debug: "Json group(build-task/json) compile success，json number: 6"
2021-5-25 14-17-debug: "getSerializedJSON: Use cache serialized JSON of asset ({asset(db://assets/resources/prefabs/Earth.prefab)})"
2021-5-25 14-17-debug: "getSerializedJSON: Use cache serialized JSON of asset ({asset(db://assets/Sources/map/Earth.tmx)})"
2021-5-25 14-17-debug: "Json group(build-task/json) compile success，json number: 6"
2021-5-25 14-17-debug: "getSerializedJSON: Use cache serialized JSON of asset ({asset(db://assets/Sources/monsters/monster_3.png/texture)})"
2021-5-25 14-17-debug: "getSerializedJSON: Use cache serialized JSON of asset ({asset(db://assets/Sources/monsters/monster_1.png/texture)})"
2021-5-25 14-17-debug: "getSerializedJSON: Use cache serialized JSON of asset ({asset(db://assets/Sources/map/Nature_environment_tiles.png/texture)})"
2021-5-25 14-17-debug: "getSerializedJSON: Use cache serialized JSON of asset ({asset(db://assets/Sources/monsters/monster_4.png/texture)})"
2021-5-25 14-17-debug: "getSerializedJSON: Use cache serialized JSON of asset ({asset(db://assets/Sources/monsters/monster_4_half.png/texture)})"
2021-5-25 14-17-debug: "getSerializedJSON: Use cache serialized JSON of asset ({asset(db://assets/Sources/monsters/monster_2.png/texture)})"
2021-5-25 14-17-debug: "getSerializedJSON: Use cache serialized JSON of asset ({asset(db://assets/Sources/monsters/monster_4_half.png)})"
2021-5-25 14-17-debug: "getSerializedJSON: Use cache serialized JSON of asset ({asset(db://assets/Sources/map/Nature_environment_tiles.png)})"
2021-5-25 14-17-debug: "getSerializedJSON: Use cache serialized JSON of asset ({asset(db://assets/Sources/monsters/monster_4.png)})"
2021-5-25 14-17-debug: "getSerializedJSON: Use cache serialized JSON of asset ({asset(db://assets/Sources/monsters/monster_3.png)})"
2021-5-25 14-17-debug: "getSerializedJSON: Use cache serialized JSON of asset ({asset(db://assets/resources/prefabs/Map.prefab)})"
2021-5-25 14-17-debug: "getSerializedJSON: Use cache serialized JSON of asset ({asset(db://assets/Sources/monsters/monster_1.png)})"
2021-5-25 14-17-debug: "getSerializedJSON: Use cache serialized JSON of asset ({asset(db://assets/Sources/monsters/monster_2.png)})"
2021-5-25 14-17-debug: "getSerializedJSON: Use cache serialized JSON of asset ({asset(db://assets/resources/effect/score.prefab)})"
2021-5-25 14-17-debug: "getSerializedJSON: Use cache serialized JSON of asset ({asset(db://assets/Sources/map/Map.tmx)})"
2021-5-25 14-17-debug: "getSerializedJSON: Use cache serialized JSON of asset ({asset(db://assets/Sources/UI/panelInset_beige.png/spriteFrame)})"
2021-5-25 14-17-debug: "getSerializedJSON: Use cache serialized JSON of asset ({asset(db://assets/prefabs/Wall_Right.prefab)})"
2021-5-25 14-17-debug: "getSerializedJSON: Use cache serialized JSON of asset ({asset(db://internal/default_ui/default_sprite_splash.png/spriteFrame)})"
2021-5-25 14-17-debug: "getSerializedJSON: Use cache serialized JSON of asset ({asset(db://assets/Sources/UI/iconCross_brown.png/spriteFrame)})"
2021-5-25 14-17-debug: "getSerializedJSON: Use cache serialized JSON of asset ({asset(db://assets/Sources/UI/arrowBrown_right.png/spriteFrame)})"
2021-5-25 14-17-debug: "getSerializedJSON: Use cache serialized JSON of asset ({asset(db://assets/Sources/UI/panel_beigeLight.png/spriteFrame)})"
2021-5-25 14-17-debug: "getSerializedJSON: Use cache serialized JSON of asset ({asset(db://assets/Sources/UI/buttonLong_grey_pressed.png/spriteFrame)})"
2021-5-25 14-17-debug: "getSerializedJSON: Use cache serialized JSON of asset ({asset(db://assets/prefabs/Wall_Left.prefab)})"
2021-5-25 14-17-debug: "getSerializedJSON: Use cache serialized JSON of asset ({asset(db://assets/Animation/score_add.anim)})"
2021-5-25 14-17-debug: "Json group(build-task/json) compile success，json number: 6"
2021-5-25 14-17-debug: "getSerializedJSON: Use cache serialized JSON of asset ({asset(db://assets/Sources/UI/panelInset_beige.png/texture)})"
2021-5-25 14-17-debug: "getSerializedJSON: Use cache serialized JSON of asset ({asset(db://internal/default_ui/default_sprite_splash.png/texture)})"
2021-5-25 14-17-debug: "getSerializedJSON: Use cache serialized JSON of asset ({asset(db://assets/Sources/UI/arrowBrown_right.png/texture)})"
2021-5-25 14-17-debug: "getSerializedJSON: Use cache serialized JSON of asset ({asset(db://assets/Sources/UI/iconCross_brown.png/texture)})"
2021-5-25 14-17-debug: "getSerializedJSON: Use cache serialized JSON of asset ({asset(db://assets/Sources/UI/panel_beigeLight.png/texture)})"
2021-5-25 14-17-debug: "getSerializedJSON: Use cache serialized JSON of asset ({asset(db://assets/Sources/UI/buttonLong_grey_pressed.png/texture)})"
2021-5-25 14-17-debug: "getSerializedJSON: Use cache serialized JSON of asset ({asset(db://assets/Sources/UI/panelInset_beige.png)})"
2021-5-25 14-17-debug: "getSerializedJSON: Use cache serialized JSON of asset ({asset(db://internal/default_ui/default_sprite_splash.png)})"
2021-5-25 14-17-debug: "getSerializedJSON: Use cache serialized JSON of asset ({asset(db://assets/Sources/UI/iconCross_brown.png)})"
2021-5-25 14-17-debug: "getSerializedJSON: Use cache serialized JSON of asset ({asset(db://assets/Sources/UI/arrowBrown_right.png)})"
2021-5-25 14-17-debug: "getSerializedJSON: Use cache serialized JSON of asset ({asset(db://assets/Sources/UI/panel_beigeLight.png)})"
2021-5-25 14-17-debug: "getSerializedJSON: Use cache serialized JSON of asset ({asset(db://assets/Sources/UI/buttonLong_grey_pressed.png)})"
2021-5-25 14-17-debug: "getSerializedJSON: Use cache serialized JSON of asset ({asset(db://internal/default_renderpipeline/builtin-forward.rpp)})"
2021-5-25 14-17-debug: "将分组后的 json 与散文件构建到指定位置 √""56%"
2021-5-25 14-17-log: "// ---- 压缩 zip bundle ----"
2021-5-25 14-17-debug: "压缩 zip bundle start""56%"
2021-5-25 14-17-debug: "Process: heapTotal 190.35MB heapUsed 161.35MB rss 276.13MB"
2021-5-25 14-17-debug: "压缩 zip bundle √""62%"
2021-5-25 14-17-debug: "给所有的资源加上 md5 后缀 start""62%"
2021-5-25 14-17-log: "// ---- 给所有的资源加上 md5 后缀 ----"
2021-5-25 14-17-debug: "Process: heapTotal 190.35MB heapUsed 161.37MB rss 276.14MB"
2021-5-25 14-17-debug: "给所有的资源加上 md5 后缀 √""68%"
2021-5-25 14-17-debug: "初始化 settings 与 config start""68%"
2021-5-25 14-17-log: "// ---- 初始化 settings 与 config ----"
2021-5-25 14-17-debug: "Process: heapTotal 190.35MB heapUsed 161.39MB rss 276.16MB"
2021-5-25 14-17-debug: "初始化 settings 与 config √""68%"
2021-5-25 14-17-debug: "tasks.settings.macro字段未在编辑器多语言内定义"
2021-5-25 14-17-debug: "tasks.settings.macro start""68%"
2021-5-25 14-17-log: "// ---- tasks.settings.macro ----"
2021-5-25 14-17-debug: "Process: heapTotal 190.35MB heapUsed 161.42MB rss 276.19MB"
2021-5-25 14-17-debug: "tasks.settings.macro √""69%"
2021-5-25 14-17-debug: "使用缓存 settings start""69%"
2021-5-25 14-17-log: "// ---- 使用缓存 settings ----"
2021-5-25 14-17-debug: "Process: heapTotal 190.35MB heapUsed 161.49MB rss 276.26MB"
2021-5-25 14-17-debug: "使用缓存 settings √""69%"
2021-5-25 14-17-debug: "custom joint texture layouts start""69%"
2021-5-25 14-17-log: "// ---- custom joint texture layouts ----"
2021-5-25 14-17-debug: "Process: heapTotal 190.35MB heapUsed 161.58MB rss 276.35MB"
2021-5-25 14-17-debug: "custom joint texture layouts √""70%"
2021-5-25 14-17-debug: "custom joint physics start""70%"
2021-5-25 14-17-debug: "Process: heapTotal 190.35MB heapUsed 161.61MB rss 276.38MB"
2021-5-25 14-17-debug: "custom joint physics √""70%"
2021-5-25 14-17-log: "// ---- custom joint physics ----"
2021-5-25 14-17-debug: "填充脚本数据到 settings start""70%"
2021-5-25 14-17-log: "// ---- 填充脚本数据到 settings ----"
2021-5-25 14-17-debug: "Process: heapTotal 190.35MB heapUsed 161.63MB rss 276.40MB"
2021-5-25 14-17-debug: "填充脚本数据到 settings √""71%"
2021-5-25 14-17-debug: "填充场景数据到 settings start""71%"
2021-5-25 14-17-log: "// ---- 填充场景数据到 settings ----"
2021-5-25 14-17-debug: "Process: heapTotal 190.35MB heapUsed 161.65MB rss 276.42MB"
2021-5-25 14-17-debug: "填充场景数据到 settings √""71%"
2021-5-25 14-17-debug: "整理 assets 分组，生成 packedAssets 以及 rawAssets 数据 start""71%"
2021-5-25 14-17-log: "// ---- 整理 assets 分组，生成 packedAssets 以及 rawAssets 数据 ----"
2021-5-25 14-17-debug: "Process: heapTotal 190.35MB heapUsed 161.67MB rss 276.44MB"
2021-5-25 14-17-debug: "整理 assets 分组，生成 packedAssets 以及 rawAssets 数据 √""72%"
2021-5-25 14-17-debug: "从 suffixMap 生成 md5AssetsMap 到 settings start""72%"
2021-5-25 14-17-log: "// ---- 从 suffixMap 生成 md5AssetsMap 到 settings ----"
2021-5-25 14-17-debug: "Process: heapTotal 190.35MB heapUsed 161.69MB rss 276.46MB"
2021-5-25 14-17-debug: "options.md5Cache is false."
2021-5-25 14-17-debug: "从 suffixMap 生成 md5AssetsMap 到 settings √""73%"
2021-5-25 14-17-debug: "cocos-service:(onBeforeCompressSettings) start...""73%"
2021-5-25 14-17-debug: "// ---- cocos-service:(onBeforeCompressSettings) ----"
2021-5-25 14-17-debug: "Process: heapTotal 190.05MB heapUsed 159.71MB rss 276.19MB"
2021-5-25 14-17-debug: "// ---- cocos-service:(onBeforeCompressSettings) success ----"
2021-5-25 14-17-debug: "cocos-service:(onBeforeCompressSettings) √""76%"
2021-5-25 14-17-debug: "压缩 config.json 与 settings.js start""76%"
2021-5-25 14-17-debug: "Process: heapTotal 190.05MB heapUsed 159.81MB rss 276.19MB"
2021-5-25 14-17-log: "// ---- 压缩 config.json 与 settings.js ----"
2021-5-25 14-17-debug: "压缩 config.json 与 settings.js √""77%"
2021-5-25 14-17-debug: "保存 config.json start""77%"
2021-5-25 14-17-log: "// ---- 保存 config.json ----"
2021-5-25 14-17-debug: "Process: heapTotal 190.05MB heapUsed 159.89MB rss 276.19MB"
2021-5-25 14-17-debug: "保存 config.json √""79%"
2021-5-25 14-17-debug: "保存 settings.json start""79%"
2021-5-25 14-17-log: "// ---- 保存 settings.json ----"
2021-5-25 14-17-debug: "Process: heapTotal 190.05MB heapUsed 159.92MB rss 276.19MB"
2021-5-25 14-17-debug: "保存 settings.json √""80%"
2021-5-25 14-17-debug: "整理静态模板文件 start""80%"
2021-5-25 14-17-log: "// ---- 整理静态模板文件 ----"
2021-5-25 14-17-debug: "Process: heapTotal 190.05MB heapUsed 160.01MB rss 276.19MB"
2021-5-25 14-17-debug: "整理静态模板文件 √""81%"
2021-5-25 14-17-debug: "cocos-service:(onAfterCompressSettings) start...""81%"
2021-5-25 14-17-debug: "// ---- cocos-service:(onAfterCompressSettings) ----"
2021-5-25 14-17-debug: "Process: heapTotal 190.05MB heapUsed 160.58MB rss 276.14MB"
2021-5-25 14-17-debug: "// ---- cocos-service:(onAfterCompressSettings) success ----"
2021-5-25 14-17-debug: "cocos-service:(onAfterCompressSettings) √""85%"
2021-5-25 14-17-debug: "web-desktop:(onAfterBuild) start...""85%"
2021-5-25 14-17-debug: "// ---- web-desktop:(onAfterBuild) ----"
2021-5-25 14-17-debug: "Process: heapTotal 190.05MB heapUsed 161.15MB rss 276.14MB"
2021-5-25 14-17-debug: "// ---- web-desktop:(onAfterBuild) success ----"
2021-5-25 14-17-debug: "web-desktop:(onAfterBuild) √""89%"
2021-5-25 14-17-debug: "cocos-service:(onAfterBuild) start...""89%"
2021-5-25 14-17-debug: "// ---- cocos-service:(onAfterBuild) ----"
2021-5-25 14-17-debug: "Process: heapTotal 190.05MB heapUsed 161.40MB rss 276.33MB"
2021-5-25 14-17-debug: "// ---- cocos-service:(onAfterBuild) success ----"
2021-5-25 14-17-debug: "cocos-service:(onAfterBuild) √""92%"
